1657215777548	geckodriver	INFO	Listening on 127.0.0.1:38423
1657215779494	mozrunner::runner	INFO	Running command: "/usr/bin/firefox" "--marionette" "--remote-debugging-port" "37143" "--remote-allow-hosts" "localhost" "-no-remote" "-profile" "/tmp/rust_mozprofile8IKWU9"
ATTENTION: default value of option mesa_glthread overridden by environment.
ATTENTION: default value of option mesa_glthread overridden by environment.
ATTENTION: default value of option mesa_glthread overridden by environment.
ATTENTION: default value of option mesa_glthread overridden by environment.
1657215783227	Marionette	INFO	Marionette enabled
WebDriver BiDi listening on ws://localhost:37143
console.error: Region.jsm: "Error fetching region" (new Error("TIMEOUT", "resource://gre/modules/Region.jsm", 767))
console.error: Region.jsm: "Failed to fetch region" (new Error("TIMEOUT", "resource://gre/modules/Region.jsm", 419))
console.warn: SearchSettings: "get: No settings file exists, new profile?" (new NotFoundError("Could not open the file at /tmp/rust_mozprofile8IKWU9/search.json.mozlz4", (void 0)))
1657215803914	Marionette	INFO	Listening on port 36965
Read port: 36965
1657215804318	RemoteAgent	WARN	TLS certificate errors will be ignored for this session
DevTools listening on ws://localhost:37143/devtools/browser/9e8c3ef8-52b1-4004-99ed-ac67d398214e
1657215812899	geckodriver	INFO	Listening on 127.0.0.1:41363
1657215813005	mozrunner::runner	INFO	Running command: "/usr/bin/firefox" "--marionette" "--remote-debugging-port" "41087" "--remote-allow-hosts" "localhost" "-no-remote" "-profile" "/tmp/rust_mozprofile1isSj5"
ATTENTION: default value of option mesa_glthread overridden by environment.
ATTENTION: default value of option mesa_glthread overridden by environment.
ATTENTION: default value of option mesa_glthread overridden by environment.
ATTENTION: default value of option mesa_glthread overridden by environment.
1657215813568	Marionette	INFO	Marionette enabled
WebDriver BiDi listening on ws://localhost:41087
console.warn: SearchSettings: "get: No settings file exists, new profile?" (new NotFoundError("Could not open the file at /tmp/rust_mozprofile1isSj5/search.json.mozlz4", (void 0)))
1657215821147	Marionette	INFO	Listening on port 37383
DevTools listening on ws://localhost:41087/devtools/browser/6ab16245-00c0-4142-8514-17a8cb22c04e
Read port: 37383
1657215821240	RemoteAgent	WARN	TLS certificate errors will be ignored for this session
